source=rack-timeout id=d15a7931-9f12-4fd7-a0fa-6438059cc7d0 timeout=3595000ms state=ready
source=rack-timeout id=d15a7931-9f12-4fd7-a0fa-6438059cc7d0 timeout=3595000ms service=1ms state=active
source=rack-timeout id=d15a7931-9f12-4fd7-a0fa-6438059cc7d0 timeout=15000ms service=1ms state=ready
source=rack-timeout id=d15a7931-9f12-4fd7-a0fa-6438059cc7d0 timeout=15000ms service=0ms state=active
Started GET "/" for 127.0.0.1 at 2019-11-08 17:05:32 -0500

PG::ConnectionBad - FATAL:  database "user_list_exercise_development" does not exist
:
  pg (1.1.4) lib/pg.rb:56:in `initialize'
  pg (1.1.4) lib/pg.rb:56:in `new'
  pg (1.1.4) lib/pg.rb:56:in `connect'
  activerecord (5.2.3) lib/active_record/connection_adapters/postgresql_adapter.rb:692:in `connect'
  activerecord (5.2.3) lib/active_record/connection_adapters/postgresql_adapter.rb:223:in `initialize'
  activerecord (5.2.3) lib/active_record/connection_adapters/postgresql_adapter.rb:48:in `new'
  activerecord (5.2.3) lib/active_record/connection_adapters/postgresql_adapter.rb:48:in `postgresql_connection'
  activerecord (5.2.3) lib/active_record/connection_adapters/abstract/connection_pool.rb:811:in `new_connection'
  activerecord (5.2.3) lib/active_record/connection_adapters/abstract/connection_pool.rb:855:in `checkout_new_connection'
  activerecord (5.2.3) lib/active_record/connection_adapters/abstract/connection_pool.rb:834:in `try_to_checkout_new_connection'
  activerecord (5.2.3) lib/active_record/connection_adapters/abstract/connection_pool.rb:795:in `acquire_connection'
  activerecord (5.2.3) lib/active_record/connection_adapters/abstract/connection_pool.rb:523:in `checkout'
  activerecord (5.2.3) lib/active_record/connection_adapters/abstract/connection_pool.rb:382:in `connection'
  activerecord (5.2.3) lib/active_record/connection_adapters/abstract/connection_pool.rb:1014:in `retrieve_connection'
  activerecord (5.2.3) lib/active_record/connection_handling.rb:118:in `retrieve_connection'
  activerecord (5.2.3) lib/active_record/connection_handling.rb:90:in `connection'
  activerecord (5.2.3) lib/active_record/migration.rb:554:in `call'
  actionpack (5.2.3) lib/action_dispatch/middleware/callbacks.rb:28:in `block in call'
  activesupport (5.2.3) lib/active_support/callbacks.rb:98:in `run_callbacks'
  actionpack (5.2.3) lib/action_dispatch/middleware/callbacks.rb:26:in `call'
  actionpack (5.2.3) lib/action_dispatch/middleware/executor.rb:14:in `call'
  better_errors (2.5.1) lib/better_errors/middleware.rb:84:in `protected_app_call'
  better_errors (2.5.1) lib/better_errors/middleware.rb:79:in `better_errors_call'
  better_errors (2.5.1) lib/better_errors/middleware.rb:57:in `call'
  actionpack (5.2.3) lib/action_dispatch/middleware/debug_exceptions.rb:61:in `call'
  rack-contrib (2.1.0) lib/rack/contrib/response_headers.rb:17:in `call'
  meta_request (0.7.2) lib/meta_request/middlewares/headers.rb:16:in `call'
  web-console (3.7.0) lib/web_console/middleware.rb:135:in `call_app'
  web-console (3.7.0) lib/web_console/middleware.rb:30:in `block in call'
  web-console (3.7.0) lib/web_console/middleware.rb:20:in `catch'
  web-console (3.7.0) lib/web_console/middleware.rb:20:in `call'
  rack-livereload (0.3.17) lib/rack/livereload.rb:23:in `_call'
  rack-livereload (0.3.17) lib/rack/livereload.rb:14:in `call'
  actionpack (5.2.3) lib/action_dispatch/middleware/show_exceptions.rb:33:in `call'
  railties (5.2.3) lib/rails/rack/logger.rb:38:in `call_app'
  railties (5.2.3) lib/rails/rack/logger.rb:26:in `block in call'
  activesupport (5.2.3) lib/active_support/tagged_logging.rb:71:in `block in tagged'
  activesupport (5.2.3) lib/active_support/tagged_logging.rb:28:in `tagged'
  activesupport (5.2.3) lib/active_support/tagged_logging.rb:71:in `tagged'
  railties (5.2.3) lib/rails/rack/logger.rb:26:in `call'
  sprockets-rails (3.2.1) lib/sprockets/rails/quiet_assets.rb:13:in `call'
  actionpack (5.2.3) lib/action_dispatch/middleware/remote_ip.rb:81:in `call'
  rack-timeout (0.5.2) lib/rack/timeout/core.rb:123:in `block in call'
  rack-timeout (0.5.2) lib/rack/timeout/support/timeout.rb:19:in `timeout'
  rack-timeout (0.5.2) lib/rack/timeout/core.rb:122:in `call'
  actionpack (5.2.3) lib/action_dispatch/middleware/request_id.rb:27:in `call'
  rack (2.0.7) lib/rack/method_override.rb:22:in `call'
  rack (2.0.7) lib/rack/runtime.rb:22:in `call'
  rack-timeout (0.5.2) lib/rack/timeout/core.rb:123:in `block in call'
  rack-timeout (0.5.2) lib/rack/timeout/support/timeout.rb:19:in `timeout'
  rack-timeout (0.5.2) lib/rack/timeout/core.rb:122:in `call'
  activesupport (5.2.3) lib/active_support/cache/strategy/local_cache_middleware.rb:29:in `call'
  actionpack (5.2.3) lib/action_dispatch/middleware/executor.rb:14:in `call'
  actionpack (5.2.3) lib/action_dispatch/middleware/static.rb:127:in `call'
  rack (2.0.7) lib/rack/sendfile.rb:111:in `call'
  webpacker (3.6.0) lib/webpacker/dev_server_proxy.rb:22:in `perform_request'
  rack-proxy (0.6.5) lib/rack/proxy.rb:57:in `call'
  railties (5.2.3) lib/rails/engine.rb:524:in `call'
  puma (3.12.1) lib/puma/configuration.rb:227:in `call'
  puma (3.12.1) lib/puma/server.rb:660:in `handle_request'
  puma (3.12.1) lib/puma/server.rb:474:in `process_client'
  puma (3.12.1) lib/puma/server.rb:334:in `block in run'
  puma (3.12.1) lib/puma/thread_pool.rb:135:in `block in spawn_thread'

source=rack-timeout id=d15a7931-9f12-4fd7-a0fa-6438059cc7d0 timeout=15000ms service=67ms state=completed
source=rack-timeout id=d15a7931-9f12-4fd7-a0fa-6438059cc7d0 timeout=15000ms service=68ms state=completed
source=rack-timeout id=0c2a1037-5221-472a-b9be-a657cb83890f timeout=3595000ms state=ready
source=rack-timeout id=0c2a1037-5221-472a-b9be-a657cb83890f timeout=3595000ms service=0ms state=active
source=rack-timeout id=0c2a1037-5221-472a-b9be-a657cb83890f timeout=15000ms service=0ms state=ready
source=rack-timeout id=0c2a1037-5221-472a-b9be-a657cb83890f timeout=15000ms service=0ms state=active
Started GET "/__rack/swfobject.js" for 127.0.0.1 at 2019-11-08 17:05:32 -0500
source=rack-timeout id=0c2a1037-5221-472a-b9be-a657cb83890f timeout=15000ms service=1ms state=completed
source=rack-timeout id=0c2a1037-5221-472a-b9be-a657cb83890f timeout=15000ms service=1ms state=completed
source=rack-timeout id=e1241587-a610-467a-b205-24578d0d29f2 timeout=3595000ms state=ready
source=rack-timeout id=e1241587-a610-467a-b205-24578d0d29f2 timeout=3595000ms service=1ms state=active
source=rack-timeout id=3f8d50e8-b271-4f72-a22c-24879734c434 timeout=3595000ms state=ready
source=rack-timeout id=e1241587-a610-467a-b205-24578d0d29f2 timeout=15000ms service=1ms state=ready
source=rack-timeout id=3f8d50e8-b271-4f72-a22c-24879734c434 timeout=15000ms service=0ms state=ready
source=rack-timeout id=3f8d50e8-b271-4f72-a22c-24879734c434 timeout=3595000ms service=0ms state=active
source=rack-timeout id=e1241587-a610-467a-b205-24578d0d29f2 timeout=15000ms service=0ms state=active
source=rack-timeout id=3f8d50e8-b271-4f72-a22c-24879734c434 timeout=15000ms service=0ms state=active
Started GET "/__rack/web_socket.js" for 127.0.0.1 at 2019-11-08 17:05:32 -0500
Started GET "/__rack/livereload.js?host=localhost" for 127.0.0.1 at 2019-11-08 17:05:32 -0500
source=rack-timeout id=3f8d50e8-b271-4f72-a22c-24879734c434 timeout=15000ms service=1ms state=completed
source=rack-timeout id=3f8d50e8-b271-4f72-a22c-24879734c434 timeout=15000ms service=1ms state=completed
source=rack-timeout id=e1241587-a610-467a-b205-24578d0d29f2 timeout=15000ms service=1ms state=completed
source=rack-timeout id=e1241587-a610-467a-b205-24578d0d29f2 timeout=15000ms service=2ms state=completed
source=rack-timeout id=6461440b-f244-4107-9c17-6b7fd0e2c4be timeout=3595000ms state=ready
source=rack-timeout id=6461440b-f244-4107-9c17-6b7fd0e2c4be timeout=3595000ms service=0ms state=active
source=rack-timeout id=6461440b-f244-4107-9c17-6b7fd0e2c4be timeout=15000ms service=0ms state=ready
source=rack-timeout id=6461440b-f244-4107-9c17-6b7fd0e2c4be timeout=15000ms service=0ms state=active
Started POST "/__better_errors/a82d3622ccc85aea/variables" for 127.0.0.1 at 2019-11-08 17:05:32 -0500
source=rack-timeout id=6461440b-f244-4107-9c17-6b7fd0e2c4be timeout=15000ms service=30ms state=completed
source=rack-timeout id=6461440b-f244-4107-9c17-6b7fd0e2c4be timeout=15000ms service=30ms state=completed
  [1m[35m (532.5ms)[0m  [1m[35mCREATE DATABASE "user_list_exercise_development" ENCODING = 'utf8'[0m
  ↳ bin/rails:9
  [1m[35m (392.6ms)[0m  [1m[35mCREATE DATABASE "user_list_exercise_test" ENCODING = 'utf8'[0m
  ↳ bin/rails:9
source=rack-timeout id=0fe95498-2bae-4a09-93b0-74201e454005 timeout=3595000ms state=ready
source=rack-timeout id=0fe95498-2bae-4a09-93b0-74201e454005 timeout=15000ms state=ready
source=rack-timeout id=0fe95498-2bae-4a09-93b0-74201e454005 timeout=15000ms service=1ms state=active
source=rack-timeout id=0fe95498-2bae-4a09-93b0-74201e454005 timeout=15000ms service=0ms state=active
Started GET "/" for 127.0.0.1 at 2019-11-08 17:06:14 -0500

LoadError - Unable to autoload constant UsersController, expected /Users/joeterry/exercises/user-list-exercise/app/controllers/users_controller.rb to define it:
  activesupport (5.2.3) lib/active_support/dependencies.rb:511:in `load_missing_constant'
  bootsnap (1.4.5) lib/bootsnap/load_path_cache/core_ext/active_support.rb:60:in `block in load_missing_constant'
  bootsnap (1.4.5) lib/bootsnap/load_path_cache/core_ext/active_support.rb:16:in `allow_bootsnap_retry'
  bootsnap (1.4.5) lib/bootsnap/load_path_cache/core_ext/active_support.rb:59:in `load_missing_constant'
  activesupport (5.2.3) lib/active_support/dependencies.rb:195:in `const_missing'
  activesupport (5.2.3) lib/active_support/inflector/methods.rb:283:in `const_get'
  activesupport (5.2.3) lib/active_support/inflector/methods.rb:283:in `block in constantize'
  activesupport (5.2.3) lib/active_support/inflector/methods.rb:281:in `each'
  activesupport (5.2.3) lib/active_support/inflector/methods.rb:281:in `inject'
  activesupport (5.2.3) lib/active_support/inflector/methods.rb:281:in `constantize'
  activesupport (5.2.3) lib/active_support/dependencies.rb:582:in `get'
  activesupport (5.2.3) lib/active_support/dependencies.rb:613:in `constantize'
  actionpack (5.2.3) lib/action_dispatch/http/request.rb:88:in `controller_class_for'
  actionpack (5.2.3) lib/action_dispatch/http/parameters.rb:101:in `binary_params_for?'
  actionpack (5.2.3) lib/action_dispatch/http/parameters.rb:92:in `set_binary_encoding'
  actionpack (5.2.3) lib/action_dispatch/http/parameters.rb:69:in `path_parameters='
  actionpack (5.2.3) lib/action_dispatch/journey/router.rb:50:in `block in serve'
  actionpack (5.2.3) lib/action_dispatch/journey/router.rb:35:in `each'
  actionpack (5.2.3) lib/action_dispatch/journey/router.rb:35:in `serve'
  actionpack (5.2.3) lib/action_dispatch/routing/route_set.rb:840:in `call'
  meta_request (0.7.2) lib/meta_request/middlewares/app_request_handler.rb:13:in `call'
  meta_request (0.7.2) lib/meta_request/middlewares/meta_request_handler.rb:13:in `call'
  rack (2.0.7) lib/rack/tempfile_reaper.rb:15:in `call'
  rack (2.0.7) lib/rack/etag.rb:25:in `call'
  rack (2.0.7) lib/rack/conditional_get.rb:25:in `call'
  rack (2.0.7) lib/rack/head.rb:12:in `call'
  actionpack (5.2.3) lib/action_dispatch/http/content_security_policy.rb:18:in `call'
  rack (2.0.7) lib/rack/session/abstract/id.rb:232:in `context'
  rack (2.0.7) lib/rack/session/abstract/id.rb:226:in `call'
  actionpack (5.2.3) lib/action_dispatch/middleware/cookies.rb:670:in `call'
  activerecord (5.2.3) lib/active_record/migration.rb:559:in `call'
  actionpack (5.2.3) lib/action_dispatch/middleware/callbacks.rb:28:in `block in call'
  activesupport (5.2.3) lib/active_support/callbacks.rb:98:in `run_callbacks'
  actionpack (5.2.3) lib/action_dispatch/middleware/callbacks.rb:26:in `call'
  actionpack (5.2.3) lib/action_dispatch/middleware/executor.rb:14:in `call'
  better_errors (2.5.1) lib/better_errors/middleware.rb:84:in `protected_app_call'
  better_errors (2.5.1) lib/better_errors/middleware.rb:79:in `better_errors_call'
  better_errors (2.5.1) lib/better_errors/middleware.rb:57:in `call'
  actionpack (5.2.3) lib/action_dispatch/middleware/debug_exceptions.rb:61:in `call'
  rack-contrib (2.1.0) lib/rack/contrib/response_headers.rb:17:in `call'
  meta_request (0.7.2) lib/meta_request/middlewares/headers.rb:16:in `call'
  web-console (3.7.0) lib/web_console/middleware.rb:135:in `call_app'
  web-console (3.7.0) lib/web_console/middleware.rb:30:in `block in call'
  web-console (3.7.0) lib/web_console/middleware.rb:20:in `catch'
  web-console (3.7.0) lib/web_console/middleware.rb:20:in `call'
  rack-livereload (0.3.17) lib/rack/livereload.rb:23:in `_call'
  rack-livereload (0.3.17) lib/rack/livereload.rb:14:in `call'
  actionpack (5.2.3) lib/action_dispatch/middleware/show_exceptions.rb:33:in `call'
  railties (5.2.3) lib/rails/rack/logger.rb:38:in `call_app'
  railties (5.2.3) lib/rails/rack/logger.rb:26:in `block in call'
  activesupport (5.2.3) lib/active_support/tagged_logging.rb:71:in `block in tagged'
  activesupport (5.2.3) lib/active_support/tagged_logging.rb:28:in `tagged'
  activesupport (5.2.3) lib/active_support/tagged_logging.rb:71:in `tagged'
  railties (5.2.3) lib/rails/rack/logger.rb:26:in `call'
  sprockets-rails (3.2.1) lib/sprockets/rails/quiet_assets.rb:13:in `call'
  actionpack (5.2.3) lib/action_dispatch/middleware/remote_ip.rb:81:in `call'
  rack-timeout (0.5.2) lib/rack/timeout/core.rb:123:in `block in call'
  rack-timeout (0.5.2) lib/rack/timeout/support/timeout.rb:19:in `timeout'
  rack-timeout (0.5.2) lib/rack/timeout/core.rb:122:in `call'
  actionpack (5.2.3) lib/action_dispatch/middleware/request_id.rb:27:in `call'
  rack (2.0.7) lib/rack/method_override.rb:22:in `call'
  rack (2.0.7) lib/rack/runtime.rb:22:in `call'
  rack-timeout (0.5.2) lib/rack/timeout/core.rb:123:in `block in call'
  rack-timeout (0.5.2) lib/rack/timeout/support/timeout.rb:19:in `timeout'
  rack-timeout (0.5.2) lib/rack/timeout/core.rb:122:in `call'
  activesupport (5.2.3) lib/active_support/cache/strategy/local_cache_middleware.rb:29:in `call'
  actionpack (5.2.3) lib/action_dispatch/middleware/executor.rb:14:in `call'
  actionpack (5.2.3) lib/action_dispatch/middleware/static.rb:127:in `call'
  rack (2.0.7) lib/rack/sendfile.rb:111:in `call'
  webpacker (3.6.0) lib/webpacker/dev_server_proxy.rb:22:in `perform_request'
  rack-proxy (0.6.5) lib/rack/proxy.rb:57:in `call'
  railties (5.2.3) lib/rails/engine.rb:524:in `call'
  puma (3.12.1) lib/puma/configuration.rb:227:in `call'
  puma (3.12.1) lib/puma/server.rb:660:in `handle_request'
  puma (3.12.1) lib/puma/server.rb:474:in `process_client'
  puma (3.12.1) lib/puma/server.rb:334:in `block in run'
  puma (3.12.1) lib/puma/thread_pool.rb:135:in `block in spawn_thread'

source=rack-timeout id=0fe95498-2bae-4a09-93b0-74201e454005 timeout=15000ms service=184ms state=completed
source=rack-timeout id=0fe95498-2bae-4a09-93b0-74201e454005 timeout=15000ms service=185ms state=completed
source=rack-timeout id=7a88bf30-bb8d-45ff-8856-117fd4d144df timeout=3595000ms state=ready
source=rack-timeout id=7a88bf30-bb8d-45ff-8856-117fd4d144df timeout=3595000ms service=0ms state=active
source=rack-timeout id=7a88bf30-bb8d-45ff-8856-117fd4d144df timeout=15000ms service=0ms state=ready
source=rack-timeout id=7a88bf30-bb8d-45ff-8856-117fd4d144df timeout=15000ms service=0ms state=active
Started GET "/__rack/swfobject.js" for 127.0.0.1 at 2019-11-08 17:06:14 -0500
source=rack-timeout id=7a88bf30-bb8d-45ff-8856-117fd4d144df timeout=15000ms service=1ms state=completed
source=rack-timeout id=7a88bf30-bb8d-45ff-8856-117fd4d144df timeout=15000ms service=1ms state=completed
source=rack-timeout id=fc46a941-eeb0-44b7-963a-f2f166d3d797 timeout=3595000ms state=ready
source=rack-timeout id=2e947080-95ec-4edc-9603-aa1aa8b1c33a timeout=3595000ms state=ready
source=rack-timeout id=fc46a941-eeb0-44b7-963a-f2f166d3d797 timeout=3595000ms service=1ms state=active
source=rack-timeout id=2e947080-95ec-4edc-9603-aa1aa8b1c33a timeout=3595000ms service=1ms state=active
source=rack-timeout id=fc46a941-eeb0-44b7-963a-f2f166d3d797 timeout=15000ms service=1ms state=ready
source=rack-timeout id=2e947080-95ec-4edc-9603-aa1aa8b1c33a timeout=15000ms service=1ms state=ready
Started GET "/__rack/web_socket.js" for 127.0.0.1 at 2019-11-08 17:06:14 -0500
Started GET "/__rack/livereload.js?host=localhost" for 127.0.0.1 at 2019-11-08 17:06:14 -0500
source=rack-timeout id=fc46a941-eeb0-44b7-963a-f2f166d3d797 timeout=15000ms service=0ms state=active
source=rack-timeout id=2e947080-95ec-4edc-9603-aa1aa8b1c33a timeout=15000ms service=2ms state=active
source=rack-timeout id=2e947080-95ec-4edc-9603-aa1aa8b1c33a timeout=15000ms service=2ms state=completed
source=rack-timeout id=2e947080-95ec-4edc-9603-aa1aa8b1c33a timeout=15000ms service=4ms state=completed
source=rack-timeout id=fc46a941-eeb0-44b7-963a-f2f166d3d797 timeout=15000ms service=3ms state=completed
source=rack-timeout id=fc46a941-eeb0-44b7-963a-f2f166d3d797 timeout=15000ms service=5ms state=completed
source=rack-timeout id=d28cfcd1-a73b-4f98-b06d-4a14ff4b1ee2 timeout=3595000ms state=ready
source=rack-timeout id=d28cfcd1-a73b-4f98-b06d-4a14ff4b1ee2 timeout=3595000ms service=0ms state=active
source=rack-timeout id=d28cfcd1-a73b-4f98-b06d-4a14ff4b1ee2 timeout=15000ms service=0ms state=ready
source=rack-timeout id=d28cfcd1-a73b-4f98-b06d-4a14ff4b1ee2 timeout=15000ms service=0ms state=active
Started POST "/__better_errors/c6990ba294dd7301/variables" for 127.0.0.1 at 2019-11-08 17:06:14 -0500
source=rack-timeout id=d28cfcd1-a73b-4f98-b06d-4a14ff4b1ee2 timeout=15000ms service=36ms state=completed
source=rack-timeout id=d28cfcd1-a73b-4f98-b06d-4a14ff4b1ee2 timeout=15000ms service=36ms state=completed
source=rack-timeout id=20f239c9-7c58-40bd-a904-bad2baba146e timeout=3595000ms state=ready
source=rack-timeout id=20f239c9-7c58-40bd-a904-bad2baba146e timeout=3595000ms service=0ms state=active
source=rack-timeout id=20f239c9-7c58-40bd-a904-bad2baba146e timeout=15000ms service=0ms state=ready
source=rack-timeout id=20f239c9-7c58-40bd-a904-bad2baba146e timeout=15000ms service=0ms state=active
Started GET "/" for 127.0.0.1 at 2019-11-08 17:06:58 -0500
Processing by UsersController#index as HTML
Completed 500  in 7ms (ActiveRecord: 0.0ms)



NameError - uninitialized constant UsersController::UserClientPropGenerationService:
  bootsnap (1.4.5) lib/bootsnap/load_path_cache/core_ext/active_support.rb:60:in `block in load_missing_constant'
  bootsnap (1.4.5) lib/bootsnap/load_path_cache/core_ext/active_support.rb:16:in `allow_bootsnap_retry'
  bootsnap (1.4.5) lib/bootsnap/load_path_cache/core_ext/active_support.rb:59:in `load_missing_constant'
  app/controllers/users_controller.rb:11:in `load_user_props'
  app/controllers/users_controller.rb:4:in `index'
  actionpack (5.2.3) lib/action_controller/metal/basic_implicit_render.rb:6:in `send_action'
  actionpack (5.2.3) lib/abstract_controller/base.rb:194:in `process_action'
  actionpack (5.2.3) lib/action_controller/metal/rendering.rb:30:in `process_action'
  actionpack (5.2.3) lib/abstract_controller/callbacks.rb:42:in `block in process_action'
  activesupport (5.2.3) lib/active_support/callbacks.rb:132:in `run_callbacks'
  actionpack (5.2.3) lib/abstract_controller/callbacks.rb:41:in `process_action'
  actionpack (5.2.3) lib/action_controller/metal/rescue.rb:22:in `process_action'
  actionpack (5.2.3) lib/action_controller/metal/instrumentation.rb:34:in `block in process_action'
  activesupport (5.2.3) lib/active_support/notifications.rb:168:in `block in instrument'
  activesupport (5.2.3) lib/active_support/notifications/instrumenter.rb:23:in `instrument'
  activesupport (5.2.3) lib/active_support/notifications.rb:168:in `instrument'
  actionpack (5.2.3) lib/action_controller/metal/instrumentation.rb:32:in `process_action'
  actionpack (5.2.3) lib/action_controller/metal/params_wrapper.rb:256:in `process_action'
  activerecord (5.2.3) lib/active_record/railties/controller_runtime.rb:24:in `process_action'
  actionpack (5.2.3) lib/abstract_controller/base.rb:134:in `process'
  actionview (5.2.3) lib/action_view/rendering.rb:32:in `process'
  actionpack (5.2.3) lib/action_controller/metal.rb:191:in `dispatch'
  actionpack (5.2.3) lib/action_controller/metal.rb:252:in `dispatch'
  actionpack (5.2.3) lib/action_dispatch/routing/route_set.rb:52:in `dispatch'
  actionpack (5.2.3) lib/action_dispatch/routing/route_set.rb:34:in `serve'
  actionpack (5.2.3) lib/action_dispatch/journey/router.rb:52:in `block in serve'
  actionpack (5.2.3) lib/action_dispatch/journey/router.rb:35:in `each'
  actionpack (5.2.3) lib/action_dispatch/journey/router.rb:35:in `serve'
  actionpack (5.2.3) lib/action_dispatch/routing/route_set.rb:840:in `call'
  meta_request (0.7.2) lib/meta_request/middlewares/app_request_handler.rb:13:in `call'
  meta_request (0.7.2) lib/meta_request/middlewares/meta_request_handler.rb:13:in `call'
  rack (2.0.7) lib/rack/tempfile_reaper.rb:15:in `call'
  rack (2.0.7) lib/rack/etag.rb:25:in `call'
  rack (2.0.7) lib/rack/conditional_get.rb:25:in `call'
  rack (2.0.7) lib/rack/head.rb:12:in `call'
  actionpack (5.2.3) lib/action_dispatch/http/content_security_policy.rb:18:in `call'
  rack (2.0.7) lib/rack/session/abstract/id.rb:232:in `context'
  rack (2.0.7) lib/rack/session/abstract/id.rb:226:in `call'
  actionpack (5.2.3) lib/action_dispatch/middleware/cookies.rb:670:in `call'
  activerecord (5.2.3) lib/active_record/migration.rb:559:in `call'
  actionpack (5.2.3) lib/action_dispatch/middleware/callbacks.rb:28:in `block in call'
  activesupport (5.2.3) lib/active_support/callbacks.rb:98:in `run_callbacks'
  actionpack (5.2.3) lib/action_dispatch/middleware/callbacks.rb:26:in `call'
  actionpack (5.2.3) lib/action_dispatch/middleware/executor.rb:14:in `call'
  better_errors (2.5.1) lib/better_errors/middleware.rb:84:in `protected_app_call'
  better_errors (2.5.1) lib/better_errors/middleware.rb:79:in `better_errors_call'
  better_errors (2.5.1) lib/better_errors/middleware.rb:57:in `call'
  actionpack (5.2.3) lib/action_dispatch/middleware/debug_exceptions.rb:61:in `call'
  rack-contrib (2.1.0) lib/rack/contrib/response_headers.rb:17:in `call'
  meta_request (0.7.2) lib/meta_request/middlewares/headers.rb:16:in `call'
  web-console (3.7.0) lib/web_console/middleware.rb:135:in `call_app'
  web-console (3.7.0) lib/web_console/middleware.rb:30:in `block in call'
  web-console (3.7.0) lib/web_console/middleware.rb:20:in `catch'
  web-console (3.7.0) lib/web_console/middleware.rb:20:in `call'
  rack-livereload (0.3.17) lib/rack/livereload.rb:23:in `_call'
  rack-livereload (0.3.17) lib/rack/livereload.rb:14:in `call'
  actionpack (5.2.3) lib/action_dispatch/middleware/show_exceptions.rb:33:in `call'
  railties (5.2.3) lib/rails/rack/logger.rb:38:in `call_app'
  railties (5.2.3) lib/rails/rack/logger.rb:26:in `block in call'
  activesupport (5.2.3) lib/active_support/tagged_logging.rb:71:in `block in tagged'
  activesupport (5.2.3) lib/active_support/tagged_logging.rb:28:in `tagged'
  activesupport (5.2.3) lib/active_support/tagged_logging.rb:71:in `tagged'
  railties (5.2.3) lib/rails/rack/logger.rb:26:in `call'
  sprockets-rails (3.2.1) lib/sprockets/rails/quiet_assets.rb:13:in `call'
  actionpack (5.2.3) lib/action_dispatch/middleware/remote_ip.rb:81:in `call'
  rack-timeout (0.5.2) lib/rack/timeout/core.rb:123:in `block in call'
  rack-timeout (0.5.2) lib/rack/timeout/support/timeout.rb:19:in `timeout'
  rack-timeout (0.5.2) lib/rack/timeout/core.rb:122:in `call'
  actionpack (5.2.3) lib/action_dispatch/middleware/request_id.rb:27:in `call'
  rack (2.0.7) lib/rack/method_override.rb:22:in `call'
  rack (2.0.7) lib/rack/runtime.rb:22:in `call'
  rack-timeout (0.5.2) lib/rack/timeout/core.rb:123:in `block in call'
  rack-timeout (0.5.2) lib/rack/timeout/support/timeout.rb:19:in `timeout'
  rack-timeout (0.5.2) lib/rack/timeout/core.rb:122:in `call'
  activesupport (5.2.3) lib/active_support/cache/strategy/local_cache_middleware.rb:29:in `call'
  actionpack (5.2.3) lib/action_dispatch/middleware/executor.rb:14:in `call'
  actionpack (5.2.3) lib/action_dispatch/middleware/static.rb:127:in `call'
  rack (2.0.7) lib/rack/sendfile.rb:111:in `call'
  webpacker (3.6.0) lib/webpacker/dev_server_proxy.rb:22:in `perform_request'
  rack-proxy (0.6.5) lib/rack/proxy.rb:57:in `call'
  railties (5.2.3) lib/rails/engine.rb:524:in `call'
  puma (3.12.1) lib/puma/configuration.rb:227:in `call'
  puma (3.12.1) lib/puma/server.rb:660:in `handle_request'
  puma (3.12.1) lib/puma/server.rb:474:in `process_client'
  puma (3.12.1) lib/puma/server.rb:334:in `block in run'
  puma (3.12.1) lib/puma/thread_pool.rb:135:in `block in spawn_thread'

source=rack-timeout id=20f239c9-7c58-40bd-a904-bad2baba146e timeout=15000ms service=92ms state=completed
source=rack-timeout id=20f239c9-7c58-40bd-a904-bad2baba146e timeout=15000ms service=93ms state=completed
source=rack-timeout id=d5ba4281-f48c-4fc1-ae1a-fc82cb89a7db timeout=3595000ms state=ready
source=rack-timeout id=d5ba4281-f48c-4fc1-ae1a-fc82cb89a7db timeout=15000ms state=ready
source=rack-timeout id=d5ba4281-f48c-4fc1-ae1a-fc82cb89a7db timeout=15000ms service=0ms state=active
source=rack-timeout id=d5ba4281-f48c-4fc1-ae1a-fc82cb89a7db timeout=15000ms service=0ms state=active
Started GET "/__rack/swfobject.js" for 127.0.0.1 at 2019-11-08 17:06:59 -0500
source=rack-timeout id=d5ba4281-f48c-4fc1-ae1a-fc82cb89a7db timeout=15000ms service=1ms state=completed
source=rack-timeout id=d5ba4281-f48c-4fc1-ae1a-fc82cb89a7db timeout=15000ms service=1ms state=completed
source=rack-timeout id=6fb23d0f-5095-49cb-87b3-e3e52a85d01e timeout=3595000ms state=ready
source=rack-timeout id=6fb23d0f-5095-49cb-87b3-e3e52a85d01e timeout=3595000ms service=0ms state=active
source=rack-timeout id=c13befbc-785c-4c6d-adad-35a7c4d05b9e timeout=3595000ms state=ready
source=rack-timeout id=c13befbc-785c-4c6d-adad-35a7c4d05b9e timeout=3595000ms service=0ms state=active
source=rack-timeout id=6fb23d0f-5095-49cb-87b3-e3e52a85d01e timeout=15000ms service=0ms state=ready
source=rack-timeout id=c13befbc-785c-4c6d-adad-35a7c4d05b9e timeout=15000ms service=0ms state=ready
source=rack-timeout id=6fb23d0f-5095-49cb-87b3-e3e52a85d01e timeout=15000ms service=0ms state=active
source=rack-timeout id=c13befbc-785c-4c6d-adad-35a7c4d05b9e timeout=15000ms service=0ms state=active
Started GET "/__rack/web_socket.js" for 127.0.0.1 at 2019-11-08 17:06:59 -0500
Started GET "/__rack/livereload.js?host=localhost" for 127.0.0.1 at 2019-11-08 17:06:59 -0500
source=rack-timeout id=6fb23d0f-5095-49cb-87b3-e3e52a85d01e timeout=15000ms service=1ms state=completed
source=rack-timeout id=6fb23d0f-5095-49cb-87b3-e3e52a85d01e timeout=15000ms service=2ms state=completed
source=rack-timeout id=c13befbc-785c-4c6d-adad-35a7c4d05b9e timeout=15000ms service=1ms state=completed
source=rack-timeout id=c13befbc-785c-4c6d-adad-35a7c4d05b9e timeout=15000ms service=2ms state=completed
source=rack-timeout id=da4721e1-81bf-454f-9458-cafef0591aaa timeout=3595000ms state=ready
source=rack-timeout id=da4721e1-81bf-454f-9458-cafef0591aaa timeout=3595000ms service=0ms state=active
source=rack-timeout id=da4721e1-81bf-454f-9458-cafef0591aaa timeout=15000ms service=0ms state=ready
source=rack-timeout id=da4721e1-81bf-454f-9458-cafef0591aaa timeout=15000ms service=0ms state=active
Started POST "/__better_errors/b1815bfef103274a/variables" for 127.0.0.1 at 2019-11-08 17:06:59 -0500
source=rack-timeout id=da4721e1-81bf-454f-9458-cafef0591aaa timeout=15000ms service=4ms state=completed
source=rack-timeout id=da4721e1-81bf-454f-9458-cafef0591aaa timeout=15000ms service=5ms state=completed
